[34m[1mwandb[39m[22m: [33mWARNING[39m Calling wandb.run.save without any arguments is deprecated.Changes to attributes are automatically persisted.
/home/aaderevyagin/airi_final/venv/lib/python3.10/site-packages/gymnasium/core.py:311: UserWarning: [33mWARN: env.set_seed to get variables from other wrappers is deprecated and will be removed in v1.0, to get this variable you can do `env.unwrapped.set_seed` for environment variables or `env.get_wrapper_attr('set_seed')` that will search the reminding wrappers.
  logger.warn(







  1%|‚ñà‚ñç                                                                                                           | 67/5000 [00:15<19:28,  4.22it/s]
Traceback (most recent call last):
  File "/home/aaderevyagin/airi_final/airi-screening-part-1/algorithms/generation_baselines/a2c.py", line 239, in train
    parallel_results = pool.map(calc_loss_on_episode, args)
  File "/usr/lib/python3.10/multiprocessing/pool.py", line 367, in map
    return self._map_async(func, iterable, mapstar, chunksize).get()
  File "/usr/lib/python3.10/multiprocessing/pool.py", line 768, in get
    self.wait(timeout)
  File "/usr/lib/python3.10/multiprocessing/pool.py", line 765, in wait
    self._event.wait(timeout)
  File "/usr/lib/python3.10/threading.py", line 607, in wait
    signaled = self._cond.wait(timeout)
  File "/usr/lib/python3.10/threading.py", line 320, in wait
    waiter.acquire()
KeyboardInterrupt
During handling of the above exception, another exception occurred:
Traceback (most recent call last):
  File "/home/aaderevyagin/airi_final/airi-screening-part-1/./scripts/data_generation.py", line 173, in <module>
    main()
  File "/home/aaderevyagin/airi_final/venv/lib/python3.10/site-packages/pyrallis/argparsing.py", line 158, in wrapper_inner
    response = fn(cfg, *args, **kwargs)
  File "/home/aaderevyagin/airi_final/airi-screening-part-1/./scripts/data_generation.py", line 165, in main
    train_tasks = generate_histories(generation_config, generator_config, train_tasks)
  File "/home/aaderevyagin/airi_final/airi-screening-part-1/./scripts/data_generation.py", line 60, in generate_histories
    curr_history = generator.train(config=generator_config, environment=copy.deepcopy(environment))
  File "/home/aaderevyagin/airi_final/airi-screening-part-1/algorithms/generation_baselines/a2c.py", line 120, in train
    model, histories = train(config, environment)
  File "/home/aaderevyagin/airi_final/airi-screening-part-1/algorithms/generation_baselines/a2c.py", line 233, in train
    with mp.Pool(processes=config.num_actors) as pool:
  File "/usr/lib/python3.10/multiprocessing/pool.py", line 739, in __exit__
    self.terminate()
  File "/usr/lib/python3.10/multiprocessing/pool.py", line 657, in terminate
    self._terminate()
  File "/usr/lib/python3.10/multiprocessing/util.py", line 224, in __call__
    res = self._callback(*self._args, **self._kwargs)
  File "/usr/lib/python3.10/multiprocessing/pool.py", line 695, in _terminate_pool
    cls._help_stuff_finish(inqueue, task_handler, len(pool))
  File "/usr/lib/python3.10/multiprocessing/pool.py", line 675, in _help_stuff_finish
    inqueue._rlock.acquire()
KeyboardInterrupt